[2023-04-07 20:14:23] local.ERROR: file_put_contents(D:\Programming\PHP\laravel\portfolio\night's shop\project-shop-laravel-server-main\bootstrap/public\framework/sessions/OJlOvrr4UWqPwbuDzTsNvuKQX72ZISl6pc72mWOU): Failed to open stream: No such file or directory {"exception":"[object] (ErrorException(code: 0): file_put_contents(D:\\Programming\\PHP\\laravel\\portfolio\\night's shop\\project-shop-laravel-server-main\\bootstrap/public\\framework/sessions/OJlOvrr4UWqPwbuDzTsNvuKQX72ZISl6pc72mWOU): Failed to open stream: No such file or directory at D:\\Programming\\PHP\\laravel\\portfolio\\night's shop\\project-shop-laravel-server-main\\vendor\\laravel\\framework\\src\\Illuminate\\Filesystem\\Filesystem.php:205)
[stacktrace]
#0 D:\\Programming\\PHP\\laravel\\portfolio\\night's shop\\project-shop-laravel-server-main\\vendor\\laravel\\framework\\src\\Illuminate\\Foundation\\Bootstrap\\HandleExceptions.php(250): Illuminate\\Foundation\\Bootstrap\\HandleExceptions->handleError()
#1 [internal function]: Illuminate\\Foundation\\Bootstrap\\HandleExceptions->Illuminate\\Foundation\\Bootstrap\\{closure}()
#2 D:\\Programming\\PHP\\laravel\\portfolio\\night's shop\\project-shop-laravel-server-main\\vendor\\laravel\\framework\\src\\Illuminate\\Filesystem\\Filesystem.php(205): file_put_contents()
#3 D:\\Programming\\PHP\\laravel\\portfolio\\night's shop\\project-shop-laravel-server-main\\vendor\\laravel\\framework\\src\\Illuminate\\Session\\FileSessionHandler.php(90): Illuminate\\Filesystem\\Filesystem->put()
#4 D:\\Programming\\PHP\\laravel\\portfolio\\night's shop\\project-shop-laravel-server-main\\vendor\\laravel\\framework\\src\\Illuminate\\Session\\Store.php(173): Illuminate\\Session\\FileSessionHandler->write()
#5 D:\\Programming\\PHP\\laravel\\portfolio\\night's shop\\project-shop-laravel-server-main\\vendor\\laravel\\framework\\src\\Illuminate\\Session\\Middleware\\StartSession.php(238): Illuminate\\Session\\Store->save()
#6 D:\\Programming\\PHP\\laravel\\portfolio\\night's shop\\project-shop-laravel-server-main\\vendor\\laravel\\framework\\src\\Illuminate\\Session\\Middleware\\StartSession.php(130): Illuminate\\Session\\Middleware\\StartSession->saveSession()
#7 D:\\Programming\\PHP\\laravel\\portfolio\\night's shop\\project-shop-laravel-server-main\\vendor\\laravel\\framework\\src\\Illuminate\\Session\\Middleware\\StartSession.php(64): Illuminate\\Session\\Middleware\\StartSession->handleStatefulRequest()
#8 D:\\Programming\\PHP\\laravel\\portfolio\\night's shop\\project-shop-laravel-server-main\\vendor\\laravel\\framework\\src\\Illuminate\\Pipeline\\Pipeline.php(180): Illuminate\\Session\\Middleware\\StartSession->handle()
#9 D:\\Programming\\PHP\\laravel\\portfolio\\night's shop\\project-shop-laravel-server-main\\vendor\\laravel\\framework\\src\\Illuminate\\Cookie\\Middleware\\AddQueuedCookiesToResponse.php(37): Illuminate\\Pipeline\\Pipeline->Illuminate\\Pipeline\\{closure}()
#10 D:\\Programming\\PHP\\laravel\\portfolio\\night's shop\\project-shop-laravel-server-main\\vendor\\laravel\\framework\\src\\Illuminate\\Pipeline\\Pipeline.php(180): Illuminate\\Cookie\\Middleware\\AddQueuedCookiesToResponse->handle()
#11 D:\\Programming\\PHP\\laravel\\portfolio\\night's shop\\project-shop-laravel-server-main\\vendor\\laravel\\framework\\src\\Illuminate\\Cookie\\Middleware\\EncryptCookies.php(67): Illuminate\\Pipeline\\Pipeline->Illuminate\\Pipeline\\{closure}()
#12 D:\\Programming\\PHP\\laravel\\portfolio\\night's shop\\project-shop-laravel-server-main\\vendor\\laravel\\framework\\src\\Illuminate\\Pipeline\\Pipeline.php(180): Illuminate\\Cookie\\Middleware\\EncryptCookies->handle()
#13 D:\\Programming\\PHP\\laravel\\portfolio\\night's shop\\project-shop-laravel-server-main\\vendor\\laravel\\framework\\src\\Illuminate\\Pipeline\\Pipeline.php(116): Illuminate\\Pipeline\\Pipeline->Illuminate\\Pipeline\\{closure}()
#14 D:\\Programming\\PHP\\laravel\\portfolio\\night's shop\\project-shop-laravel-server-main\\vendor\\laravel\\framework\\src\\Illuminate\\Routing\\Router.php(799): Illuminate\\Pipeline\\Pipeline->then()
#15 D:\\Programming\\PHP\\laravel\\portfolio\\night's shop\\project-shop-laravel-server-main\\vendor\\laravel\\framework\\src\\Illuminate\\Routing\\Router.php(776): Illuminate\\Routing\\Router->runRouteWithinStack()
#16 D:\\Programming\\PHP\\laravel\\portfolio\\night's shop\\project-shop-laravel-server-main\\vendor\\laravel\\framework\\src\\Illuminate\\Routing\\Router.php(740): Illuminate\\Routing\\Router->runRoute()
#17 D:\\Programming\\PHP\\laravel\\portfolio\\night's shop\\project-shop-laravel-server-main\\vendor\\laravel\\framework\\src\\Illuminate\\Routing\\Router.php(729): Illuminate\\Routing\\Router->dispatchToRoute()
#18 D:\\Programming\\PHP\\laravel\\portfolio\\night's shop\\project-shop-laravel-server-main\\vendor\\laravel\\framework\\src\\Illuminate\\Foundation\\Http\\Kernel.php(200): Illuminate\\Routing\\Router->dispatch()
#19 D:\\Programming\\PHP\\laravel\\portfolio\\night's shop\\project-shop-laravel-server-main\\vendor\\laravel\\framework\\src\\Illuminate\\Pipeline\\Pipeline.php(141): Illuminate\\Foundation\\Http\\Kernel->Illuminate\\Foundation\\Http\\{closure}()
#20 D:\\Programming\\PHP\\laravel\\portfolio\\night's shop\\project-shop-laravel-server-main\\vendor\\laravel\\framework\\src\\Illuminate\\Foundation\\Http\\Middleware\\TransformsRequest.php(21): Illuminate\\Pipeline\\Pipeline->Illuminate\\Pipeline\\{closure}()
#21 D:\\Programming\\PHP\\laravel\\portfolio\\night's shop\\project-shop-laravel-server-main\\vendor\\laravel\\framework\\src\\Illuminate\\Foundation\\Http\\Middleware\\ConvertEmptyStringsToNull.php(31): Illuminate\\Foundation\\Http\\Middleware\\TransformsRequest->handle()
#22 D:\\Programming\\PHP\\laravel\\portfolio\\night's shop\\project-shop-laravel-server-main\\vendor\\laravel\\framework\\src\\Illuminate\\Pipeline\\Pipeline.php(180): Illuminate\\Foundation\\Http\\Middleware\\ConvertEmptyStringsToNull->handle()
#23 D:\\Programming\\PHP\\laravel\\portfolio\\night's shop\\project-shop-laravel-server-main\\vendor\\laravel\\framework\\src\\Illuminate\\Foundation\\Http\\Middleware\\TransformsRequest.php(21): Illuminate\\Pipeline\\Pipeline->Illuminate\\Pipeline\\{closure}()
#24 D:\\Programming\\PHP\\laravel\\portfolio\\night's shop\\project-shop-laravel-server-main\\vendor\\laravel\\framework\\src\\Illuminate\\Foundation\\Http\\Middleware\\TrimStrings.php(40): Illuminate\\Foundation\\Http\\Middleware\\TransformsRequest->handle()
#25 D:\\Programming\\PHP\\laravel\\portfolio\\night's shop\\project-shop-laravel-server-main\\vendor\\laravel\\framework\\src\\Illuminate\\Pipeline\\Pipeline.php(180): Illuminate\\Foundation\\Http\\Middleware\\TrimStrings->handle()
#26 D:\\Programming\\PHP\\laravel\\portfolio\\night's shop\\project-shop-laravel-server-main\\vendor\\laravel\\framework\\src\\Illuminate\\Foundation\\Http\\Middleware\\ValidatePostSize.php(27): Illuminate\\Pipeline\\Pipeline->Illuminate\\Pipeline\\{closure}()
#27 D:\\Programming\\PHP\\laravel\\portfolio\\night's shop\\project-shop-laravel-server-main\\vendor\\laravel\\framework\\src\\Illuminate\\Pipeline\\Pipeline.php(180): Illuminate\\Foundation\\Http\\Middleware\\ValidatePostSize->handle()
#28 D:\\Programming\\PHP\\laravel\\portfolio\\night's shop\\project-shop-laravel-server-main\\vendor\\laravel\\framework\\src\\Illuminate\\Foundation\\Http\\Middleware\\PreventRequestsDuringMaintenance.php(86): Illuminate\\Pipeline\\Pipeline->Illuminate\\Pipeline\\{closure}()
#29 D:\\Programming\\PHP\\laravel\\portfolio\\night's shop\\project-shop-laravel-server-main\\vendor\\laravel\\framework\\src\\Illuminate\\Pipeline\\Pipeline.php(180): Illuminate\\Foundation\\Http\\Middleware\\PreventRequestsDuringMaintenance->handle()
#30 D:\\Programming\\PHP\\laravel\\portfolio\\night's shop\\project-shop-laravel-server-main\\vendor\\laravel\\framework\\src\\Illuminate\\Http\\Middleware\\HandleCors.php(62): Illuminate\\Pipeline\\Pipeline->Illuminate\\Pipeline\\{closure}()
#31 D:\\Programming\\PHP\\laravel\\portfolio\\night's shop\\project-shop-laravel-server-main\\vendor\\laravel\\framework\\src\\Illuminate\\Pipeline\\Pipeline.php(180): Illuminate\\Http\\Middleware\\HandleCors->handle()
#32 D:\\Programming\\PHP\\laravel\\portfolio\\night's shop\\project-shop-laravel-server-main\\vendor\\laravel\\framework\\src\\Illuminate\\Http\\Middleware\\TrustProxies.php(39): Illuminate\\Pipeline\\Pipeline->Illuminate\\Pipeline\\{closure}()
#33 D:\\Programming\\PHP\\laravel\\portfolio\\night's shop\\project-shop-laravel-server-main\\vendor\\laravel\\framework\\src\\Illuminate\\Pipeline\\Pipeline.php(180): Illuminate\\Http\\Middleware\\TrustProxies->handle()
#34 D:\\Programming\\PHP\\laravel\\portfolio\\night's shop\\project-shop-laravel-server-main\\vendor\\laravel\\framework\\src\\Illuminate\\Pipeline\\Pipeline.php(116): Illuminate\\Pipeline\\Pipeline->Illuminate\\Pipeline\\{closure}()
#35 D:\\Programming\\PHP\\laravel\\portfolio\\night's shop\\project-shop-laravel-server-main\\vendor\\laravel\\framework\\src\\Illuminate\\Foundation\\Http\\Kernel.php(175): Illuminate\\Pipeline\\Pipeline->then()
#36 D:\\Programming\\PHP\\laravel\\portfolio\\night's shop\\project-shop-laravel-server-main\\vendor\\laravel\\framework\\src\\Illuminate\\Foundation\\Http\\Kernel.php(144): Illuminate\\Foundation\\Http\\Kernel->sendRequestThroughRouter()
#37 D:\\Programming\\PHP\\laravel\\portfolio\\night's shop\\project-shop-laravel-server-main\\public\\index.php(52): Illuminate\\Foundation\\Http\\Kernel->handle()
#38 D:\\Programming\\PHP\\laravel\\portfolio\\night's shop\\project-shop-laravel-server-main\\vendor\\laravel\\framework\\src\\Illuminate\\Foundation\\resources\\server.php(16): require_once('...')
#39 {main}
"} 
[2023-04-07 20:14:24] local.ERROR: file_put_contents(D:\Programming\PHP\laravel\portfolio\night's shop\project-shop-laravel-server-main\bootstrap/public\framework/sessions/Z5oZK6HIa5B9gv3g2Goajc72W4Ek2hhylbnk1PyD): Failed to open stream: No such file or directory {"exception":"[object] (ErrorException(code: 0): file_put_contents(D:\\Programming\\PHP\\laravel\\portfolio\\night's shop\\project-shop-laravel-server-main\\bootstrap/public\\framework/sessions/Z5oZK6HIa5B9gv3g2Goajc72W4Ek2hhylbnk1PyD): Failed to open stream: No such file or directory at D:\\Programming\\PHP\\laravel\\portfolio\\night's shop\\project-shop-laravel-server-main\\vendor\\laravel\\framework\\src\\Illuminate\\Filesystem\\Filesystem.php:205)
[stacktrace]
#0 D:\\Programming\\PHP\\laravel\\portfolio\\night's shop\\project-shop-laravel-server-main\\vendor\\laravel\\framework\\src\\Illuminate\\Foundation\\Bootstrap\\HandleExceptions.php(250): Illuminate\\Foundation\\Bootstrap\\HandleExceptions->handleError()
#1 [internal function]: Illuminate\\Foundation\\Bootstrap\\HandleExceptions->Illuminate\\Foundation\\Bootstrap\\{closure}()
#2 D:\\Programming\\PHP\\laravel\\portfolio\\night's shop\\project-shop-laravel-server-main\\vendor\\laravel\\framework\\src\\Illuminate\\Filesystem\\Filesystem.php(205): file_put_contents()
#3 D:\\Programming\\PHP\\laravel\\portfolio\\night's shop\\project-shop-laravel-server-main\\vendor\\laravel\\framework\\src\\Illuminate\\Session\\FileSessionHandler.php(90): Illuminate\\Filesystem\\Filesystem->put()
#4 D:\\Programming\\PHP\\laravel\\portfolio\\night's shop\\project-shop-laravel-server-main\\vendor\\laravel\\framework\\src\\Illuminate\\Session\\Store.php(173): Illuminate\\Session\\FileSessionHandler->write()
#5 D:\\Programming\\PHP\\laravel\\portfolio\\night's shop\\project-shop-laravel-server-main\\vendor\\laravel\\framework\\src\\Illuminate\\Session\\Middleware\\StartSession.php(238): Illuminate\\Session\\Store->save()
#6 D:\\Programming\\PHP\\laravel\\portfolio\\night's shop\\project-shop-laravel-server-main\\vendor\\laravel\\framework\\src\\Illuminate\\Session\\Middleware\\StartSession.php(130): Illuminate\\Session\\Middleware\\StartSession->saveSession()
#7 D:\\Programming\\PHP\\laravel\\portfolio\\night's shop\\project-shop-laravel-server-main\\vendor\\laravel\\framework\\src\\Illuminate\\Session\\Middleware\\StartSession.php(64): Illuminate\\Session\\Middleware\\StartSession->handleStatefulRequest()
#8 D:\\Programming\\PHP\\laravel\\portfolio\\night's shop\\project-shop-laravel-server-main\\vendor\\laravel\\framework\\src\\Illuminate\\Pipeline\\Pipeline.php(180): Illuminate\\Session\\Middleware\\StartSession->handle()
#9 D:\\Programming\\PHP\\laravel\\portfolio\\night's shop\\project-shop-laravel-server-main\\vendor\\laravel\\framework\\src\\Illuminate\\Cookie\\Middleware\\AddQueuedCookiesToResponse.php(37): Illuminate\\Pipeline\\Pipeline->Illuminate\\Pipeline\\{closure}()
#10 D:\\Programming\\PHP\\laravel\\portfolio\\night's shop\\project-shop-laravel-server-main\\vendor\\laravel\\framework\\src\\Illuminate\\Pipeline\\Pipeline.php(180): Illuminate\\Cookie\\Middleware\\AddQueuedCookiesToResponse->handle()
#11 D:\\Programming\\PHP\\laravel\\portfolio\\night's shop\\project-shop-laravel-server-main\\vendor\\laravel\\framework\\src\\Illuminate\\Cookie\\Middleware\\EncryptCookies.php(67): Illuminate\\Pipeline\\Pipeline->Illuminate\\Pipeline\\{closure}()
#12 D:\\Programming\\PHP\\laravel\\portfolio\\night's shop\\project-shop-laravel-server-main\\vendor\\laravel\\framework\\src\\Illuminate\\Pipeline\\Pipeline.php(180): Illuminate\\Cookie\\Middleware\\EncryptCookies->handle()
#13 D:\\Programming\\PHP\\laravel\\portfolio\\night's shop\\project-shop-laravel-server-main\\vendor\\laravel\\framework\\src\\Illuminate\\Pipeline\\Pipeline.php(116): Illuminate\\Pipeline\\Pipeline->Illuminate\\Pipeline\\{closure}()
#14 D:\\Programming\\PHP\\laravel\\portfolio\\night's shop\\project-shop-laravel-server-main\\vendor\\laravel\\framework\\src\\Illuminate\\Routing\\Router.php(799): Illuminate\\Pipeline\\Pipeline->then()
#15 D:\\Programming\\PHP\\laravel\\portfolio\\night's shop\\project-shop-laravel-server-main\\vendor\\laravel\\framework\\src\\Illuminate\\Routing\\Router.php(776): Illuminate\\Routing\\Router->runRouteWithinStack()
#16 D:\\Programming\\PHP\\laravel\\portfolio\\night's shop\\project-shop-laravel-server-main\\vendor\\laravel\\framework\\src\\Illuminate\\Routing\\Router.php(740): Illuminate\\Routing\\Router->runRoute()
#17 D:\\Programming\\PHP\\laravel\\portfolio\\night's shop\\project-shop-laravel-server-main\\vendor\\laravel\\framework\\src\\Illuminate\\Routing\\Router.php(729): Illuminate\\Routing\\Router->dispatchToRoute()
#18 D:\\Programming\\PHP\\laravel\\portfolio\\night's shop\\project-shop-laravel-server-main\\vendor\\laravel\\framework\\src\\Illuminate\\Foundation\\Http\\Kernel.php(200): Illuminate\\Routing\\Router->dispatch()
#19 D:\\Programming\\PHP\\laravel\\portfolio\\night's shop\\project-shop-laravel-server-main\\vendor\\laravel\\framework\\src\\Illuminate\\Pipeline\\Pipeline.php(141): Illuminate\\Foundation\\Http\\Kernel->Illuminate\\Foundation\\Http\\{closure}()
#20 D:\\Programming\\PHP\\laravel\\portfolio\\night's shop\\project-shop-laravel-server-main\\vendor\\laravel\\framework\\src\\Illuminate\\Foundation\\Http\\Middleware\\TransformsRequest.php(21): Illuminate\\Pipeline\\Pipeline->Illuminate\\Pipeline\\{closure}()
#21 D:\\Programming\\PHP\\laravel\\portfolio\\night's shop\\project-shop-laravel-server-main\\vendor\\laravel\\framework\\src\\Illuminate\\Foundation\\Http\\Middleware\\ConvertEmptyStringsToNull.php(31): Illuminate\\Foundation\\Http\\Middleware\\TransformsRequest->handle()
#22 D:\\Programming\\PHP\\laravel\\portfolio\\night's shop\\project-shop-laravel-server-main\\vendor\\laravel\\framework\\src\\Illuminate\\Pipeline\\Pipeline.php(180): Illuminate\\Foundation\\Http\\Middleware\\ConvertEmptyStringsToNull->handle()
#23 D:\\Programming\\PHP\\laravel\\portfolio\\night's shop\\project-shop-laravel-server-main\\vendor\\laravel\\framework\\src\\Illuminate\\Foundation\\Http\\Middleware\\TransformsRequest.php(21): Illuminate\\Pipeline\\Pipeline->Illuminate\\Pipeline\\{closure}()
#24 D:\\Programming\\PHP\\laravel\\portfolio\\night's shop\\project-shop-laravel-server-main\\vendor\\laravel\\framework\\src\\Illuminate\\Foundation\\Http\\Middleware\\TrimStrings.php(40): Illuminate\\Foundation\\Http\\Middleware\\TransformsRequest->handle()
#25 D:\\Programming\\PHP\\laravel\\portfolio\\night's shop\\project-shop-laravel-server-main\\vendor\\laravel\\framework\\src\\Illuminate\\Pipeline\\Pipeline.php(180): Illuminate\\Foundation\\Http\\Middleware\\TrimStrings->handle()
#26 D:\\Programming\\PHP\\laravel\\portfolio\\night's shop\\project-shop-laravel-server-main\\vendor\\laravel\\framework\\src\\Illuminate\\Foundation\\Http\\Middleware\\ValidatePostSize.php(27): Illuminate\\Pipeline\\Pipeline->Illuminate\\Pipeline\\{closure}()
#27 D:\\Programming\\PHP\\laravel\\portfolio\\night's shop\\project-shop-laravel-server-main\\vendor\\laravel\\framework\\src\\Illuminate\\Pipeline\\Pipeline.php(180): Illuminate\\Foundation\\Http\\Middleware\\ValidatePostSize->handle()
#28 D:\\Programming\\PHP\\laravel\\portfolio\\night's shop\\project-shop-laravel-server-main\\vendor\\laravel\\framework\\src\\Illuminate\\Foundation\\Http\\Middleware\\PreventRequestsDuringMaintenance.php(86): Illuminate\\Pipeline\\Pipeline->Illuminate\\Pipeline\\{closure}()
#29 D:\\Programming\\PHP\\laravel\\portfolio\\night's shop\\project-shop-laravel-server-main\\vendor\\laravel\\framework\\src\\Illuminate\\Pipeline\\Pipeline.php(180): Illuminate\\Foundation\\Http\\Middleware\\PreventRequestsDuringMaintenance->handle()
#30 D:\\Programming\\PHP\\laravel\\portfolio\\night's shop\\project-shop-laravel-server-main\\vendor\\laravel\\framework\\src\\Illuminate\\Http\\Middleware\\HandleCors.php(62): Illuminate\\Pipeline\\Pipeline->Illuminate\\Pipeline\\{closure}()
#31 D:\\Programming\\PHP\\laravel\\portfolio\\night's shop\\project-shop-laravel-server-main\\vendor\\laravel\\framework\\src\\Illuminate\\Pipeline\\Pipeline.php(180): Illuminate\\Http\\Middleware\\HandleCors->handle()
#32 D:\\Programming\\PHP\\laravel\\portfolio\\night's shop\\project-shop-laravel-server-main\\vendor\\laravel\\framework\\src\\Illuminate\\Http\\Middleware\\TrustProxies.php(39): Illuminate\\Pipeline\\Pipeline->Illuminate\\Pipeline\\{closure}()
#33 D:\\Programming\\PHP\\laravel\\portfolio\\night's shop\\project-shop-laravel-server-main\\vendor\\laravel\\framework\\src\\Illuminate\\Pipeline\\Pipeline.php(180): Illuminate\\Http\\Middleware\\TrustProxies->handle()
#34 D:\\Programming\\PHP\\laravel\\portfolio\\night's shop\\project-shop-laravel-server-main\\vendor\\laravel\\framework\\src\\Illuminate\\Pipeline\\Pipeline.php(116): Illuminate\\Pipeline\\Pipeline->Illuminate\\Pipeline\\{closure}()
#35 D:\\Programming\\PHP\\laravel\\portfolio\\night's shop\\project-shop-laravel-server-main\\vendor\\laravel\\framework\\src\\Illuminate\\Foundation\\Http\\Kernel.php(175): Illuminate\\Pipeline\\Pipeline->then()
#36 D:\\Programming\\PHP\\laravel\\portfolio\\night's shop\\project-shop-laravel-server-main\\vendor\\laravel\\framework\\src\\Illuminate\\Foundation\\Http\\Kernel.php(144): Illuminate\\Foundation\\Http\\Kernel->sendRequestThroughRouter()
#37 D:\\Programming\\PHP\\laravel\\portfolio\\night's shop\\project-shop-laravel-server-main\\public\\index.php(52): Illuminate\\Foundation\\Http\\Kernel->handle()
#38 D:\\Programming\\PHP\\laravel\\portfolio\\night's shop\\project-shop-laravel-server-main\\vendor\\laravel\\framework\\src\\Illuminate\\Foundation\\resources\\server.php(16): require_once('...')
#39 {main}
"} 
[2023-04-07 20:14:25] local.ERROR: file_put_contents(D:\Programming\PHP\laravel\portfolio\night's shop\project-shop-laravel-server-main\bootstrap/public\framework/sessions/HfUwErApToM5kX734hyTtzfef6y5e1IJ6lR0TKhR): Failed to open stream: No such file or directory {"exception":"[object] (ErrorException(code: 0): file_put_contents(D:\\Programming\\PHP\\laravel\\portfolio\\night's shop\\project-shop-laravel-server-main\\bootstrap/public\\framework/sessions/HfUwErApToM5kX734hyTtzfef6y5e1IJ6lR0TKhR): Failed to open stream: No such file or directory at D:\\Programming\\PHP\\laravel\\portfolio\\night's shop\\project-shop-laravel-server-main\\vendor\\laravel\\framework\\src\\Illuminate\\Filesystem\\Filesystem.php:205)
[stacktrace]
#0 D:\\Programming\\PHP\\laravel\\portfolio\\night's shop\\project-shop-laravel-server-main\\vendor\\laravel\\framework\\src\\Illuminate\\Foundation\\Bootstrap\\HandleExceptions.php(250): Illuminate\\Foundation\\Bootstrap\\HandleExceptions->handleError()
#1 [internal function]: Illuminate\\Foundation\\Bootstrap\\HandleExceptions->Illuminate\\Foundation\\Bootstrap\\{closure}()
#2 D:\\Programming\\PHP\\laravel\\portfolio\\night's shop\\project-shop-laravel-server-main\\vendor\\laravel\\framework\\src\\Illuminate\\Filesystem\\Filesystem.php(205): file_put_contents()
#3 D:\\Programming\\PHP\\laravel\\portfolio\\night's shop\\project-shop-laravel-server-main\\vendor\\laravel\\framework\\src\\Illuminate\\Session\\FileSessionHandler.php(90): Illuminate\\Filesystem\\Filesystem->put()
#4 D:\\Programming\\PHP\\laravel\\portfolio\\night's shop\\project-shop-laravel-server-main\\vendor\\laravel\\framework\\src\\Illuminate\\Session\\Store.php(173): Illuminate\\Session\\FileSessionHandler->write()
#5 D:\\Programming\\PHP\\laravel\\portfolio\\night's shop\\project-shop-laravel-server-main\\vendor\\laravel\\framework\\src\\Illuminate\\Session\\Middleware\\StartSession.php(238): Illuminate\\Session\\Store->save()
#6 D:\\Programming\\PHP\\laravel\\portfolio\\night's shop\\project-shop-laravel-server-main\\vendor\\laravel\\framework\\src\\Illuminate\\Session\\Middleware\\StartSession.php(130): Illuminate\\Session\\Middleware\\StartSession->saveSession()
#7 D:\\Programming\\PHP\\laravel\\portfolio\\night's shop\\project-shop-laravel-server-main\\vendor\\laravel\\framework\\src\\Illuminate\\Session\\Middleware\\StartSession.php(64): Illuminate\\Session\\Middleware\\StartSession->handleStatefulRequest()
#8 D:\\Programming\\PHP\\laravel\\portfolio\\night's shop\\project-shop-laravel-server-main\\vendor\\laravel\\framework\\src\\Illuminate\\Pipeline\\Pipeline.php(180): Illuminate\\Session\\Middleware\\StartSession->handle()
#9 D:\\Programming\\PHP\\laravel\\portfolio\\night's shop\\project-shop-laravel-server-main\\vendor\\laravel\\framework\\src\\Illuminate\\Cookie\\Middleware\\AddQueuedCookiesToResponse.php(37): Illuminate\\Pipeline\\Pipeline->Illuminate\\Pipeline\\{closure}()
#10 D:\\Programming\\PHP\\laravel\\portfolio\\night's shop\\project-shop-laravel-server-main\\vendor\\laravel\\framework\\src\\Illuminate\\Pipeline\\Pipeline.php(180): Illuminate\\Cookie\\Middleware\\AddQueuedCookiesToResponse->handle()
#11 D:\\Programming\\PHP\\laravel\\portfolio\\night's shop\\project-shop-laravel-server-main\\vendor\\laravel\\framework\\src\\Illuminate\\Cookie\\Middleware\\EncryptCookies.php(67): Illuminate\\Pipeline\\Pipeline->Illuminate\\Pipeline\\{closure}()
#12 D:\\Programming\\PHP\\laravel\\portfolio\\night's shop\\project-shop-laravel-server-main\\vendor\\laravel\\framework\\src\\Illuminate\\Pipeline\\Pipeline.php(180): Illuminate\\Cookie\\Middleware\\EncryptCookies->handle()
#13 D:\\Programming\\PHP\\laravel\\portfolio\\night's shop\\project-shop-laravel-server-main\\vendor\\laravel\\framework\\src\\Illuminate\\Pipeline\\Pipeline.php(116): Illuminate\\Pipeline\\Pipeline->Illuminate\\Pipeline\\{closure}()
#14 D:\\Programming\\PHP\\laravel\\portfolio\\night's shop\\project-shop-laravel-server-main\\vendor\\laravel\\framework\\src\\Illuminate\\Routing\\Router.php(799): Illuminate\\Pipeline\\Pipeline->then()
#15 D:\\Programming\\PHP\\laravel\\portfolio\\night's shop\\project-shop-laravel-server-main\\vendor\\laravel\\framework\\src\\Illuminate\\Routing\\Router.php(776): Illuminate\\Routing\\Router->runRouteWithinStack()
#16 D:\\Programming\\PHP\\laravel\\portfolio\\night's shop\\project-shop-laravel-server-main\\vendor\\laravel\\framework\\src\\Illuminate\\Routing\\Router.php(740): Illuminate\\Routing\\Router->runRoute()
#17 D:\\Programming\\PHP\\laravel\\portfolio\\night's shop\\project-shop-laravel-server-main\\vendor\\laravel\\framework\\src\\Illuminate\\Routing\\Router.php(729): Illuminate\\Routing\\Router->dispatchToRoute()
#18 D:\\Programming\\PHP\\laravel\\portfolio\\night's shop\\project-shop-laravel-server-main\\vendor\\laravel\\framework\\src\\Illuminate\\Foundation\\Http\\Kernel.php(200): Illuminate\\Routing\\Router->dispatch()
#19 D:\\Programming\\PHP\\laravel\\portfolio\\night's shop\\project-shop-laravel-server-main\\vendor\\laravel\\framework\\src\\Illuminate\\Pipeline\\Pipeline.php(141): Illuminate\\Foundation\\Http\\Kernel->Illuminate\\Foundation\\Http\\{closure}()
#20 D:\\Programming\\PHP\\laravel\\portfolio\\night's shop\\project-shop-laravel-server-main\\vendor\\laravel\\framework\\src\\Illuminate\\Foundation\\Http\\Middleware\\TransformsRequest.php(21): Illuminate\\Pipeline\\Pipeline->Illuminate\\Pipeline\\{closure}()
#21 D:\\Programming\\PHP\\laravel\\portfolio\\night's shop\\project-shop-laravel-server-main\\vendor\\laravel\\framework\\src\\Illuminate\\Foundation\\Http\\Middleware\\ConvertEmptyStringsToNull.php(31): Illuminate\\Foundation\\Http\\Middleware\\TransformsRequest->handle()
#22 D:\\Programming\\PHP\\laravel\\portfolio\\night's shop\\project-shop-laravel-server-main\\vendor\\laravel\\framework\\src\\Illuminate\\Pipeline\\Pipeline.php(180): Illuminate\\Foundation\\Http\\Middleware\\ConvertEmptyStringsToNull->handle()
#23 D:\\Programming\\PHP\\laravel\\portfolio\\night's shop\\project-shop-laravel-server-main\\vendor\\laravel\\framework\\src\\Illuminate\\Foundation\\Http\\Middleware\\TransformsRequest.php(21): Illuminate\\Pipeline\\Pipeline->Illuminate\\Pipeline\\{closure}()
#24 D:\\Programming\\PHP\\laravel\\portfolio\\night's shop\\project-shop-laravel-server-main\\vendor\\laravel\\framework\\src\\Illuminate\\Foundation\\Http\\Middleware\\TrimStrings.php(40): Illuminate\\Foundation\\Http\\Middleware\\TransformsRequest->handle()
#25 D:\\Programming\\PHP\\laravel\\portfolio\\night's shop\\project-shop-laravel-server-main\\vendor\\laravel\\framework\\src\\Illuminate\\Pipeline\\Pipeline.php(180): Illuminate\\Foundation\\Http\\Middleware\\TrimStrings->handle()
#26 D:\\Programming\\PHP\\laravel\\portfolio\\night's shop\\project-shop-laravel-server-main\\vendor\\laravel\\framework\\src\\Illuminate\\Foundation\\Http\\Middleware\\ValidatePostSize.php(27): Illuminate\\Pipeline\\Pipeline->Illuminate\\Pipeline\\{closure}()
#27 D:\\Programming\\PHP\\laravel\\portfolio\\night's shop\\project-shop-laravel-server-main\\vendor\\laravel\\framework\\src\\Illuminate\\Pipeline\\Pipeline.php(180): Illuminate\\Foundation\\Http\\Middleware\\ValidatePostSize->handle()
#28 D:\\Programming\\PHP\\laravel\\portfolio\\night's shop\\project-shop-laravel-server-main\\vendor\\laravel\\framework\\src\\Illuminate\\Foundation\\Http\\Middleware\\PreventRequestsDuringMaintenance.php(86): Illuminate\\Pipeline\\Pipeline->Illuminate\\Pipeline\\{closure}()
#29 D:\\Programming\\PHP\\laravel\\portfolio\\night's shop\\project-shop-laravel-server-main\\vendor\\laravel\\framework\\src\\Illuminate\\Pipeline\\Pipeline.php(180): Illuminate\\Foundation\\Http\\Middleware\\PreventRequestsDuringMaintenance->handle()
#30 D:\\Programming\\PHP\\laravel\\portfolio\\night's shop\\project-shop-laravel-server-main\\vendor\\laravel\\framework\\src\\Illuminate\\Http\\Middleware\\HandleCors.php(62): Illuminate\\Pipeline\\Pipeline->Illuminate\\Pipeline\\{closure}()
#31 D:\\Programming\\PHP\\laravel\\portfolio\\night's shop\\project-shop-laravel-server-main\\vendor\\laravel\\framework\\src\\Illuminate\\Pipeline\\Pipeline.php(180): Illuminate\\Http\\Middleware\\HandleCors->handle()
#32 D:\\Programming\\PHP\\laravel\\portfolio\\night's shop\\project-shop-laravel-server-main\\vendor\\laravel\\framework\\src\\Illuminate\\Http\\Middleware\\TrustProxies.php(39): Illuminate\\Pipeline\\Pipeline->Illuminate\\Pipeline\\{closure}()
#33 D:\\Programming\\PHP\\laravel\\portfolio\\night's shop\\project-shop-laravel-server-main\\vendor\\laravel\\framework\\src\\Illuminate\\Pipeline\\Pipeline.php(180): Illuminate\\Http\\Middleware\\TrustProxies->handle()
#34 D:\\Programming\\PHP\\laravel\\portfolio\\night's shop\\project-shop-laravel-server-main\\vendor\\laravel\\framework\\src\\Illuminate\\Pipeline\\Pipeline.php(116): Illuminate\\Pipeline\\Pipeline->Illuminate\\Pipeline\\{closure}()
#35 D:\\Programming\\PHP\\laravel\\portfolio\\night's shop\\project-shop-laravel-server-main\\vendor\\laravel\\framework\\src\\Illuminate\\Foundation\\Http\\Kernel.php(175): Illuminate\\Pipeline\\Pipeline->then()
#36 D:\\Programming\\PHP\\laravel\\portfolio\\night's shop\\project-shop-laravel-server-main\\vendor\\laravel\\framework\\src\\Illuminate\\Foundation\\Http\\Kernel.php(144): Illuminate\\Foundation\\Http\\Kernel->sendRequestThroughRouter()
#37 D:\\Programming\\PHP\\laravel\\portfolio\\night's shop\\project-shop-laravel-server-main\\public\\index.php(52): Illuminate\\Foundation\\Http\\Kernel->handle()
#38 D:\\Programming\\PHP\\laravel\\portfolio\\night's shop\\project-shop-laravel-server-main\\vendor\\laravel\\framework\\src\\Illuminate\\Foundation\\resources\\server.php(16): require_once('...')
#39 {main}
"} 
[2023-04-07 20:14:26] local.ERROR: file_put_contents(D:\Programming\PHP\laravel\portfolio\night's shop\project-shop-laravel-server-main\bootstrap/public\framework/sessions/q2kRU5a3XeevJNNzxG82EEXsFEH82pqowXRutHh7): Failed to open stream: No such file or directory {"exception":"[object] (ErrorException(code: 0): file_put_contents(D:\\Programming\\PHP\\laravel\\portfolio\\night's shop\\project-shop-laravel-server-main\\bootstrap/public\\framework/sessions/q2kRU5a3XeevJNNzxG82EEXsFEH82pqowXRutHh7): Failed to open stream: No such file or directory at D:\\Programming\\PHP\\laravel\\portfolio\\night's shop\\project-shop-laravel-server-main\\vendor\\laravel\\framework\\src\\Illuminate\\Filesystem\\Filesystem.php:205)
[stacktrace]
#0 D:\\Programming\\PHP\\laravel\\portfolio\\night's shop\\project-shop-laravel-server-main\\vendor\\laravel\\framework\\src\\Illuminate\\Foundation\\Bootstrap\\HandleExceptions.php(250): Illuminate\\Foundation\\Bootstrap\\HandleExceptions->handleError()
#1 [internal function]: Illuminate\\Foundation\\Bootstrap\\HandleExceptions->Illuminate\\Foundation\\Bootstrap\\{closure}()
#2 D:\\Programming\\PHP\\laravel\\portfolio\\night's shop\\project-shop-laravel-server-main\\vendor\\laravel\\framework\\src\\Illuminate\\Filesystem\\Filesystem.php(205): file_put_contents()
#3 D:\\Programming\\PHP\\laravel\\portfolio\\night's shop\\project-shop-laravel-server-main\\vendor\\laravel\\framework\\src\\Illuminate\\Session\\FileSessionHandler.php(90): Illuminate\\Filesystem\\Filesystem->put()
#4 D:\\Programming\\PHP\\laravel\\portfolio\\night's shop\\project-shop-laravel-server-main\\vendor\\laravel\\framework\\src\\Illuminate\\Session\\Store.php(173): Illuminate\\Session\\FileSessionHandler->write()
#5 D:\\Programming\\PHP\\laravel\\portfolio\\night's shop\\project-shop-laravel-server-main\\vendor\\laravel\\framework\\src\\Illuminate\\Session\\Middleware\\StartSession.php(238): Illuminate\\Session\\Store->save()
#6 D:\\Programming\\PHP\\laravel\\portfolio\\night's shop\\project-shop-laravel-server-main\\vendor\\laravel\\framework\\src\\Illuminate\\Session\\Middleware\\StartSession.php(130): Illuminate\\Session\\Middleware\\StartSession->saveSession()
#7 D:\\Programming\\PHP\\laravel\\portfolio\\night's shop\\project-shop-laravel-server-main\\vendor\\laravel\\framework\\src\\Illuminate\\Session\\Middleware\\StartSession.php(64): Illuminate\\Session\\Middleware\\StartSession->handleStatefulRequest()
#8 D:\\Programming\\PHP\\laravel\\portfolio\\night's shop\\project-shop-laravel-server-main\\vendor\\laravel\\framework\\src\\Illuminate\\Pipeline\\Pipeline.php(180): Illuminate\\Session\\Middleware\\StartSession->handle()
#9 D:\\Programming\\PHP\\laravel\\portfolio\\night's shop\\project-shop-laravel-server-main\\vendor\\laravel\\framework\\src\\Illuminate\\Cookie\\Middleware\\AddQueuedCookiesToResponse.php(37): Illuminate\\Pipeline\\Pipeline->Illuminate\\Pipeline\\{closure}()
#10 D:\\Programming\\PHP\\laravel\\portfolio\\night's shop\\project-shop-laravel-server-main\\vendor\\laravel\\framework\\src\\Illuminate\\Pipeline\\Pipeline.php(180): Illuminate\\Cookie\\Middleware\\AddQueuedCookiesToResponse->handle()
#11 D:\\Programming\\PHP\\laravel\\portfolio\\night's shop\\project-shop-laravel-server-main\\vendor\\laravel\\framework\\src\\Illuminate\\Cookie\\Middleware\\EncryptCookies.php(67): Illuminate\\Pipeline\\Pipeline->Illuminate\\Pipeline\\{closure}()
#12 D:\\Programming\\PHP\\laravel\\portfolio\\night's shop\\project-shop-laravel-server-main\\vendor\\laravel\\framework\\src\\Illuminate\\Pipeline\\Pipeline.php(180): Illuminate\\Cookie\\Middleware\\EncryptCookies->handle()
#13 D:\\Programming\\PHP\\laravel\\portfolio\\night's shop\\project-shop-laravel-server-main\\vendor\\laravel\\framework\\src\\Illuminate\\Pipeline\\Pipeline.php(116): Illuminate\\Pipeline\\Pipeline->Illuminate\\Pipeline\\{closure}()
#14 D:\\Programming\\PHP\\laravel\\portfolio\\night's shop\\project-shop-laravel-server-main\\vendor\\laravel\\framework\\src\\Illuminate\\Routing\\Router.php(799): Illuminate\\Pipeline\\Pipeline->then()
#15 D:\\Programming\\PHP\\laravel\\portfolio\\night's shop\\project-shop-laravel-server-main\\vendor\\laravel\\framework\\src\\Illuminate\\Routing\\Router.php(776): Illuminate\\Routing\\Router->runRouteWithinStack()
#16 D:\\Programming\\PHP\\laravel\\portfolio\\night's shop\\project-shop-laravel-server-main\\vendor\\laravel\\framework\\src\\Illuminate\\Routing\\Router.php(740): Illuminate\\Routing\\Router->runRoute()
#17 D:\\Programming\\PHP\\laravel\\portfolio\\night's shop\\project-shop-laravel-server-main\\vendor\\laravel\\framework\\src\\Illuminate\\Routing\\Router.php(729): Illuminate\\Routing\\Router->dispatchToRoute()
#18 D:\\Programming\\PHP\\laravel\\portfolio\\night's shop\\project-shop-laravel-server-main\\vendor\\laravel\\framework\\src\\Illuminate\\Foundation\\Http\\Kernel.php(200): Illuminate\\Routing\\Router->dispatch()
#19 D:\\Programming\\PHP\\laravel\\portfolio\\night's shop\\project-shop-laravel-server-main\\vendor\\laravel\\framework\\src\\Illuminate\\Pipeline\\Pipeline.php(141): Illuminate\\Foundation\\Http\\Kernel->Illuminate\\Foundation\\Http\\{closure}()
#20 D:\\Programming\\PHP\\laravel\\portfolio\\night's shop\\project-shop-laravel-server-main\\vendor\\laravel\\framework\\src\\Illuminate\\Foundation\\Http\\Middleware\\TransformsRequest.php(21): Illuminate\\Pipeline\\Pipeline->Illuminate\\Pipeline\\{closure}()
#21 D:\\Programming\\PHP\\laravel\\portfolio\\night's shop\\project-shop-laravel-server-main\\vendor\\laravel\\framework\\src\\Illuminate\\Foundation\\Http\\Middleware\\ConvertEmptyStringsToNull.php(31): Illuminate\\Foundation\\Http\\Middleware\\TransformsRequest->handle()
#22 D:\\Programming\\PHP\\laravel\\portfolio\\night's shop\\project-shop-laravel-server-main\\vendor\\laravel\\framework\\src\\Illuminate\\Pipeline\\Pipeline.php(180): Illuminate\\Foundation\\Http\\Middleware\\ConvertEmptyStringsToNull->handle()
#23 D:\\Programming\\PHP\\laravel\\portfolio\\night's shop\\project-shop-laravel-server-main\\vendor\\laravel\\framework\\src\\Illuminate\\Foundation\\Http\\Middleware\\TransformsRequest.php(21): Illuminate\\Pipeline\\Pipeline->Illuminate\\Pipeline\\{closure}()
#24 D:\\Programming\\PHP\\laravel\\portfolio\\night's shop\\project-shop-laravel-server-main\\vendor\\laravel\\framework\\src\\Illuminate\\Foundation\\Http\\Middleware\\TrimStrings.php(40): Illuminate\\Foundation\\Http\\Middleware\\TransformsRequest->handle()
#25 D:\\Programming\\PHP\\laravel\\portfolio\\night's shop\\project-shop-laravel-server-main\\vendor\\laravel\\framework\\src\\Illuminate\\Pipeline\\Pipeline.php(180): Illuminate\\Foundation\\Http\\Middleware\\TrimStrings->handle()
#26 D:\\Programming\\PHP\\laravel\\portfolio\\night's shop\\project-shop-laravel-server-main\\vendor\\laravel\\framework\\src\\Illuminate\\Foundation\\Http\\Middleware\\ValidatePostSize.php(27): Illuminate\\Pipeline\\Pipeline->Illuminate\\Pipeline\\{closure}()
#27 D:\\Programming\\PHP\\laravel\\portfolio\\night's shop\\project-shop-laravel-server-main\\vendor\\laravel\\framework\\src\\Illuminate\\Pipeline\\Pipeline.php(180): Illuminate\\Foundation\\Http\\Middleware\\ValidatePostSize->handle()
#28 D:\\Programming\\PHP\\laravel\\portfolio\\night's shop\\project-shop-laravel-server-main\\vendor\\laravel\\framework\\src\\Illuminate\\Foundation\\Http\\Middleware\\PreventRequestsDuringMaintenance.php(86): Illuminate\\Pipeline\\Pipeline->Illuminate\\Pipeline\\{closure}()
#29 D:\\Programming\\PHP\\laravel\\portfolio\\night's shop\\project-shop-laravel-server-main\\vendor\\laravel\\framework\\src\\Illuminate\\Pipeline\\Pipeline.php(180): Illuminate\\Foundation\\Http\\Middleware\\PreventRequestsDuringMaintenance->handle()
#30 D:\\Programming\\PHP\\laravel\\portfolio\\night's shop\\project-shop-laravel-server-main\\vendor\\laravel\\framework\\src\\Illuminate\\Http\\Middleware\\HandleCors.php(62): Illuminate\\Pipeline\\Pipeline->Illuminate\\Pipeline\\{closure}()
#31 D:\\Programming\\PHP\\laravel\\portfolio\\night's shop\\project-shop-laravel-server-main\\vendor\\laravel\\framework\\src\\Illuminate\\Pipeline\\Pipeline.php(180): Illuminate\\Http\\Middleware\\HandleCors->handle()
#32 D:\\Programming\\PHP\\laravel\\portfolio\\night's shop\\project-shop-laravel-server-main\\vendor\\laravel\\framework\\src\\Illuminate\\Http\\Middleware\\TrustProxies.php(39): Illuminate\\Pipeline\\Pipeline->Illuminate\\Pipeline\\{closure}()
#33 D:\\Programming\\PHP\\laravel\\portfolio\\night's shop\\project-shop-laravel-server-main\\vendor\\laravel\\framework\\src\\Illuminate\\Pipeline\\Pipeline.php(180): Illuminate\\Http\\Middleware\\TrustProxies->handle()
#34 D:\\Programming\\PHP\\laravel\\portfolio\\night's shop\\project-shop-laravel-server-main\\vendor\\laravel\\framework\\src\\Illuminate\\Pipeline\\Pipeline.php(116): Illuminate\\Pipeline\\Pipeline->Illuminate\\Pipeline\\{closure}()
#35 D:\\Programming\\PHP\\laravel\\portfolio\\night's shop\\project-shop-laravel-server-main\\vendor\\laravel\\framework\\src\\Illuminate\\Foundation\\Http\\Kernel.php(175): Illuminate\\Pipeline\\Pipeline->then()
#36 D:\\Programming\\PHP\\laravel\\portfolio\\night's shop\\project-shop-laravel-server-main\\vendor\\laravel\\framework\\src\\Illuminate\\Foundation\\Http\\Kernel.php(144): Illuminate\\Foundation\\Http\\Kernel->sendRequestThroughRouter()
#37 D:\\Programming\\PHP\\laravel\\portfolio\\night's shop\\project-shop-laravel-server-main\\public\\index.php(52): Illuminate\\Foundation\\Http\\Kernel->handle()
#38 D:\\Programming\\PHP\\laravel\\portfolio\\night's shop\\project-shop-laravel-server-main\\vendor\\laravel\\framework\\src\\Illuminate\\Foundation\\resources\\server.php(16): require_once('...')
#39 {main}
"} 
[2023-04-07 20:14:27] local.ERROR: file_put_contents(D:\Programming\PHP\laravel\portfolio\night's shop\project-shop-laravel-server-main\bootstrap/public\framework/sessions/x3suFx49anMFq0Ppse8hYGzTNyqLHUUuaJpgTFgQ): Failed to open stream: No such file or directory {"exception":"[object] (ErrorException(code: 0): file_put_contents(D:\\Programming\\PHP\\laravel\\portfolio\\night's shop\\project-shop-laravel-server-main\\bootstrap/public\\framework/sessions/x3suFx49anMFq0Ppse8hYGzTNyqLHUUuaJpgTFgQ): Failed to open stream: No such file or directory at D:\\Programming\\PHP\\laravel\\portfolio\\night's shop\\project-shop-laravel-server-main\\vendor\\laravel\\framework\\src\\Illuminate\\Filesystem\\Filesystem.php:205)
[stacktrace]
#0 D:\\Programming\\PHP\\laravel\\portfolio\\night's shop\\project-shop-laravel-server-main\\vendor\\laravel\\framework\\src\\Illuminate\\Foundation\\Bootstrap\\HandleExceptions.php(250): Illuminate\\Foundation\\Bootstrap\\HandleExceptions->handleError()
#1 [internal function]: Illuminate\\Foundation\\Bootstrap\\HandleExceptions->Illuminate\\Foundation\\Bootstrap\\{closure}()
#2 D:\\Programming\\PHP\\laravel\\portfolio\\night's shop\\project-shop-laravel-server-main\\vendor\\laravel\\framework\\src\\Illuminate\\Filesystem\\Filesystem.php(205): file_put_contents()
#3 D:\\Programming\\PHP\\laravel\\portfolio\\night's shop\\project-shop-laravel-server-main\\vendor\\laravel\\framework\\src\\Illuminate\\Session\\FileSessionHandler.php(90): Illuminate\\Filesystem\\Filesystem->put()
#4 D:\\Programming\\PHP\\laravel\\portfolio\\night's shop\\project-shop-laravel-server-main\\vendor\\laravel\\framework\\src\\Illuminate\\Session\\Store.php(173): Illuminate\\Session\\FileSessionHandler->write()
#5 D:\\Programming\\PHP\\laravel\\portfolio\\night's shop\\project-shop-laravel-server-main\\vendor\\laravel\\framework\\src\\Illuminate\\Session\\Middleware\\StartSession.php(238): Illuminate\\Session\\Store->save()
#6 D:\\Programming\\PHP\\laravel\\portfolio\\night's shop\\project-shop-laravel-server-main\\vendor\\laravel\\framework\\src\\Illuminate\\Session\\Middleware\\StartSession.php(130): Illuminate\\Session\\Middleware\\StartSession->saveSession()
#7 D:\\Programming\\PHP\\laravel\\portfolio\\night's shop\\project-shop-laravel-server-main\\vendor\\laravel\\framework\\src\\Illuminate\\Session\\Middleware\\StartSession.php(64): Illuminate\\Session\\Middleware\\StartSession->handleStatefulRequest()
#8 D:\\Programming\\PHP\\laravel\\portfolio\\night's shop\\project-shop-laravel-server-main\\vendor\\laravel\\framework\\src\\Illuminate\\Pipeline\\Pipeline.php(180): Illuminate\\Session\\Middleware\\StartSession->handle()
#9 D:\\Programming\\PHP\\laravel\\portfolio\\night's shop\\project-shop-laravel-server-main\\vendor\\laravel\\framework\\src\\Illuminate\\Cookie\\Middleware\\AddQueuedCookiesToResponse.php(37): Illuminate\\Pipeline\\Pipeline->Illuminate\\Pipeline\\{closure}()
#10 D:\\Programming\\PHP\\laravel\\portfolio\\night's shop\\project-shop-laravel-server-main\\vendor\\laravel\\framework\\src\\Illuminate\\Pipeline\\Pipeline.php(180): Illuminate\\Cookie\\Middleware\\AddQueuedCookiesToResponse->handle()
#11 D:\\Programming\\PHP\\laravel\\portfolio\\night's shop\\project-shop-laravel-server-main\\vendor\\laravel\\framework\\src\\Illuminate\\Cookie\\Middleware\\EncryptCookies.php(67): Illuminate\\Pipeline\\Pipeline->Illuminate\\Pipeline\\{closure}()
#12 D:\\Programming\\PHP\\laravel\\portfolio\\night's shop\\project-shop-laravel-server-main\\vendor\\laravel\\framework\\src\\Illuminate\\Pipeline\\Pipeline.php(180): Illuminate\\Cookie\\Middleware\\EncryptCookies->handle()
#13 D:\\Programming\\PHP\\laravel\\portfolio\\night's shop\\project-shop-laravel-server-main\\vendor\\laravel\\framework\\src\\Illuminate\\Pipeline\\Pipeline.php(116): Illuminate\\Pipeline\\Pipeline->Illuminate\\Pipeline\\{closure}()
#14 D:\\Programming\\PHP\\laravel\\portfolio\\night's shop\\project-shop-laravel-server-main\\vendor\\laravel\\framework\\src\\Illuminate\\Routing\\Router.php(799): Illuminate\\Pipeline\\Pipeline->then()
#15 D:\\Programming\\PHP\\laravel\\portfolio\\night's shop\\project-shop-laravel-server-main\\vendor\\laravel\\framework\\src\\Illuminate\\Routing\\Router.php(776): Illuminate\\Routing\\Router->runRouteWithinStack()
#16 D:\\Programming\\PHP\\laravel\\portfolio\\night's shop\\project-shop-laravel-server-main\\vendor\\laravel\\framework\\src\\Illuminate\\Routing\\Router.php(740): Illuminate\\Routing\\Router->runRoute()
#17 D:\\Programming\\PHP\\laravel\\portfolio\\night's shop\\project-shop-laravel-server-main\\vendor\\laravel\\framework\\src\\Illuminate\\Routing\\Router.php(729): Illuminate\\Routing\\Router->dispatchToRoute()
#18 D:\\Programming\\PHP\\laravel\\portfolio\\night's shop\\project-shop-laravel-server-main\\vendor\\laravel\\framework\\src\\Illuminate\\Foundation\\Http\\Kernel.php(200): Illuminate\\Routing\\Router->dispatch()
#19 D:\\Programming\\PHP\\laravel\\portfolio\\night's shop\\project-shop-laravel-server-main\\vendor\\laravel\\framework\\src\\Illuminate\\Pipeline\\Pipeline.php(141): Illuminate\\Foundation\\Http\\Kernel->Illuminate\\Foundation\\Http\\{closure}()
#20 D:\\Programming\\PHP\\laravel\\portfolio\\night's shop\\project-shop-laravel-server-main\\vendor\\laravel\\framework\\src\\Illuminate\\Foundation\\Http\\Middleware\\TransformsRequest.php(21): Illuminate\\Pipeline\\Pipeline->Illuminate\\Pipeline\\{closure}()
#21 D:\\Programming\\PHP\\laravel\\portfolio\\night's shop\\project-shop-laravel-server-main\\vendor\\laravel\\framework\\src\\Illuminate\\Foundation\\Http\\Middleware\\ConvertEmptyStringsToNull.php(31): Illuminate\\Foundation\\Http\\Middleware\\TransformsRequest->handle()
#22 D:\\Programming\\PHP\\laravel\\portfolio\\night's shop\\project-shop-laravel-server-main\\vendor\\laravel\\framework\\src\\Illuminate\\Pipeline\\Pipeline.php(180): Illuminate\\Foundation\\Http\\Middleware\\ConvertEmptyStringsToNull->handle()
#23 D:\\Programming\\PHP\\laravel\\portfolio\\night's shop\\project-shop-laravel-server-main\\vendor\\laravel\\framework\\src\\Illuminate\\Foundation\\Http\\Middleware\\TransformsRequest.php(21): Illuminate\\Pipeline\\Pipeline->Illuminate\\Pipeline\\{closure}()
#24 D:\\Programming\\PHP\\laravel\\portfolio\\night's shop\\project-shop-laravel-server-main\\vendor\\laravel\\framework\\src\\Illuminate\\Foundation\\Http\\Middleware\\TrimStrings.php(40): Illuminate\\Foundation\\Http\\Middleware\\TransformsRequest->handle()
#25 D:\\Programming\\PHP\\laravel\\portfolio\\night's shop\\project-shop-laravel-server-main\\vendor\\laravel\\framework\\src\\Illuminate\\Pipeline\\Pipeline.php(180): Illuminate\\Foundation\\Http\\Middleware\\TrimStrings->handle()
#26 D:\\Programming\\PHP\\laravel\\portfolio\\night's shop\\project-shop-laravel-server-main\\vendor\\laravel\\framework\\src\\Illuminate\\Foundation\\Http\\Middleware\\ValidatePostSize.php(27): Illuminate\\Pipeline\\Pipeline->Illuminate\\Pipeline\\{closure}()
#27 D:\\Programming\\PHP\\laravel\\portfolio\\night's shop\\project-shop-laravel-server-main\\vendor\\laravel\\framework\\src\\Illuminate\\Pipeline\\Pipeline.php(180): Illuminate\\Foundation\\Http\\Middleware\\ValidatePostSize->handle()
#28 D:\\Programming\\PHP\\laravel\\portfolio\\night's shop\\project-shop-laravel-server-main\\vendor\\laravel\\framework\\src\\Illuminate\\Foundation\\Http\\Middleware\\PreventRequestsDuringMaintenance.php(86): Illuminate\\Pipeline\\Pipeline->Illuminate\\Pipeline\\{closure}()
#29 D:\\Programming\\PHP\\laravel\\portfolio\\night's shop\\project-shop-laravel-server-main\\vendor\\laravel\\framework\\src\\Illuminate\\Pipeline\\Pipeline.php(180): Illuminate\\Foundation\\Http\\Middleware\\PreventRequestsDuringMaintenance->handle()
#30 D:\\Programming\\PHP\\laravel\\portfolio\\night's shop\\project-shop-laravel-server-main\\vendor\\laravel\\framework\\src\\Illuminate\\Http\\Middleware\\HandleCors.php(62): Illuminate\\Pipeline\\Pipeline->Illuminate\\Pipeline\\{closure}()
#31 D:\\Programming\\PHP\\laravel\\portfolio\\night's shop\\project-shop-laravel-server-main\\vendor\\laravel\\framework\\src\\Illuminate\\Pipeline\\Pipeline.php(180): Illuminate\\Http\\Middleware\\HandleCors->handle()
#32 D:\\Programming\\PHP\\laravel\\portfolio\\night's shop\\project-shop-laravel-server-main\\vendor\\laravel\\framework\\src\\Illuminate\\Http\\Middleware\\TrustProxies.php(39): Illuminate\\Pipeline\\Pipeline->Illuminate\\Pipeline\\{closure}()
#33 D:\\Programming\\PHP\\laravel\\portfolio\\night's shop\\project-shop-laravel-server-main\\vendor\\laravel\\framework\\src\\Illuminate\\Pipeline\\Pipeline.php(180): Illuminate\\Http\\Middleware\\TrustProxies->handle()
#34 D:\\Programming\\PHP\\laravel\\portfolio\\night's shop\\project-shop-laravel-server-main\\vendor\\laravel\\framework\\src\\Illuminate\\Pipeline\\Pipeline.php(116): Illuminate\\Pipeline\\Pipeline->Illuminate\\Pipeline\\{closure}()
#35 D:\\Programming\\PHP\\laravel\\portfolio\\night's shop\\project-shop-laravel-server-main\\vendor\\laravel\\framework\\src\\Illuminate\\Foundation\\Http\\Kernel.php(175): Illuminate\\Pipeline\\Pipeline->then()
#36 D:\\Programming\\PHP\\laravel\\portfolio\\night's shop\\project-shop-laravel-server-main\\vendor\\laravel\\framework\\src\\Illuminate\\Foundation\\Http\\Kernel.php(144): Illuminate\\Foundation\\Http\\Kernel->sendRequestThroughRouter()
#37 D:\\Programming\\PHP\\laravel\\portfolio\\night's shop\\project-shop-laravel-server-main\\public\\index.php(52): Illuminate\\Foundation\\Http\\Kernel->handle()
#38 D:\\Programming\\PHP\\laravel\\portfolio\\night's shop\\project-shop-laravel-server-main\\vendor\\laravel\\framework\\src\\Illuminate\\Foundation\\resources\\server.php(16): require_once('...')
#39 {main}
"} 
[2023-04-07 20:14:38] local.ERROR: file_put_contents(D:\Programming\PHP\laravel\portfolio\night's shop\project-shop-laravel-server-main\bootstrap/public\framework/sessions/mzrOhhSeBV29UCYdvap9jJYQ8iuCQYmP1rQq9YnZ): Failed to open stream: No such file or directory {"exception":"[object] (ErrorException(code: 0): file_put_contents(D:\\Programming\\PHP\\laravel\\portfolio\\night's shop\\project-shop-laravel-server-main\\bootstrap/public\\framework/sessions/mzrOhhSeBV29UCYdvap9jJYQ8iuCQYmP1rQq9YnZ): Failed to open stream: No such file or directory at D:\\Programming\\PHP\\laravel\\portfolio\\night's shop\\project-shop-laravel-server-main\\vendor\\laravel\\framework\\src\\Illuminate\\Filesystem\\Filesystem.php:205)
[stacktrace]
#0 D:\\Programming\\PHP\\laravel\\portfolio\\night's shop\\project-shop-laravel-server-main\\vendor\\laravel\\framework\\src\\Illuminate\\Foundation\\Bootstrap\\HandleExceptions.php(250): Illuminate\\Foundation\\Bootstrap\\HandleExceptions->handleError()
#1 [internal function]: Illuminate\\Foundation\\Bootstrap\\HandleExceptions->Illuminate\\Foundation\\Bootstrap\\{closure}()
#2 D:\\Programming\\PHP\\laravel\\portfolio\\night's shop\\project-shop-laravel-server-main\\vendor\\laravel\\framework\\src\\Illuminate\\Filesystem\\Filesystem.php(205): file_put_contents()
#3 D:\\Programming\\PHP\\laravel\\portfolio\\night's shop\\project-shop-laravel-server-main\\vendor\\laravel\\framework\\src\\Illuminate\\Session\\FileSessionHandler.php(90): Illuminate\\Filesystem\\Filesystem->put()
#4 D:\\Programming\\PHP\\laravel\\portfolio\\night's shop\\project-shop-laravel-server-main\\vendor\\laravel\\framework\\src\\Illuminate\\Session\\Store.php(173): Illuminate\\Session\\FileSessionHandler->write()
#5 D:\\Programming\\PHP\\laravel\\portfolio\\night's shop\\project-shop-laravel-server-main\\vendor\\laravel\\framework\\src\\Illuminate\\Session\\Middleware\\StartSession.php(238): Illuminate\\Session\\Store->save()
#6 D:\\Programming\\PHP\\laravel\\portfolio\\night's shop\\project-shop-laravel-server-main\\vendor\\laravel\\framework\\src\\Illuminate\\Session\\Middleware\\StartSession.php(130): Illuminate\\Session\\Middleware\\StartSession->saveSession()
#7 D:\\Programming\\PHP\\laravel\\portfolio\\night's shop\\project-shop-laravel-server-main\\vendor\\laravel\\framework\\src\\Illuminate\\Session\\Middleware\\StartSession.php(64): Illuminate\\Session\\Middleware\\StartSession->handleStatefulRequest()
#8 D:\\Programming\\PHP\\laravel\\portfolio\\night's shop\\project-shop-laravel-server-main\\vendor\\laravel\\framework\\src\\Illuminate\\Pipeline\\Pipeline.php(180): Illuminate\\Session\\Middleware\\StartSession->handle()
#9 D:\\Programming\\PHP\\laravel\\portfolio\\night's shop\\project-shop-laravel-server-main\\vendor\\laravel\\framework\\src\\Illuminate\\Cookie\\Middleware\\AddQueuedCookiesToResponse.php(37): Illuminate\\Pipeline\\Pipeline->Illuminate\\Pipeline\\{closure}()
#10 D:\\Programming\\PHP\\laravel\\portfolio\\night's shop\\project-shop-laravel-server-main\\vendor\\laravel\\framework\\src\\Illuminate\\Pipeline\\Pipeline.php(180): Illuminate\\Cookie\\Middleware\\AddQueuedCookiesToResponse->handle()
#11 D:\\Programming\\PHP\\laravel\\portfolio\\night's shop\\project-shop-laravel-server-main\\vendor\\laravel\\framework\\src\\Illuminate\\Cookie\\Middleware\\EncryptCookies.php(67): Illuminate\\Pipeline\\Pipeline->Illuminate\\Pipeline\\{closure}()
#12 D:\\Programming\\PHP\\laravel\\portfolio\\night's shop\\project-shop-laravel-server-main\\vendor\\laravel\\framework\\src\\Illuminate\\Pipeline\\Pipeline.php(180): Illuminate\\Cookie\\Middleware\\EncryptCookies->handle()
#13 D:\\Programming\\PHP\\laravel\\portfolio\\night's shop\\project-shop-laravel-server-main\\vendor\\laravel\\framework\\src\\Illuminate\\Pipeline\\Pipeline.php(116): Illuminate\\Pipeline\\Pipeline->Illuminate\\Pipeline\\{closure}()
#14 D:\\Programming\\PHP\\laravel\\portfolio\\night's shop\\project-shop-laravel-server-main\\vendor\\laravel\\framework\\src\\Illuminate\\Routing\\Router.php(799): Illuminate\\Pipeline\\Pipeline->then()
#15 D:\\Programming\\PHP\\laravel\\portfolio\\night's shop\\project-shop-laravel-server-main\\vendor\\laravel\\framework\\src\\Illuminate\\Routing\\Router.php(776): Illuminate\\Routing\\Router->runRouteWithinStack()
#16 D:\\Programming\\PHP\\laravel\\portfolio\\night's shop\\project-shop-laravel-server-main\\vendor\\laravel\\framework\\src\\Illuminate\\Routing\\Router.php(740): Illuminate\\Routing\\Router->runRoute()
#17 D:\\Programming\\PHP\\laravel\\portfolio\\night's shop\\project-shop-laravel-server-main\\vendor\\laravel\\framework\\src\\Illuminate\\Routing\\Router.php(729): Illuminate\\Routing\\Router->dispatchToRoute()
#18 D:\\Programming\\PHP\\laravel\\portfolio\\night's shop\\project-shop-laravel-server-main\\vendor\\laravel\\framework\\src\\Illuminate\\Foundation\\Http\\Kernel.php(200): Illuminate\\Routing\\Router->dispatch()
#19 D:\\Programming\\PHP\\laravel\\portfolio\\night's shop\\project-shop-laravel-server-main\\vendor\\laravel\\framework\\src\\Illuminate\\Pipeline\\Pipeline.php(141): Illuminate\\Foundation\\Http\\Kernel->Illuminate\\Foundation\\Http\\{closure}()
#20 D:\\Programming\\PHP\\laravel\\portfolio\\night's shop\\project-shop-laravel-server-main\\vendor\\laravel\\framework\\src\\Illuminate\\Foundation\\Http\\Middleware\\TransformsRequest.php(21): Illuminate\\Pipeline\\Pipeline->Illuminate\\Pipeline\\{closure}()
#21 D:\\Programming\\PHP\\laravel\\portfolio\\night's shop\\project-shop-laravel-server-main\\vendor\\laravel\\framework\\src\\Illuminate\\Foundation\\Http\\Middleware\\ConvertEmptyStringsToNull.php(31): Illuminate\\Foundation\\Http\\Middleware\\TransformsRequest->handle()
#22 D:\\Programming\\PHP\\laravel\\portfolio\\night's shop\\project-shop-laravel-server-main\\vendor\\laravel\\framework\\src\\Illuminate\\Pipeline\\Pipeline.php(180): Illuminate\\Foundation\\Http\\Middleware\\ConvertEmptyStringsToNull->handle()
#23 D:\\Programming\\PHP\\laravel\\portfolio\\night's shop\\project-shop-laravel-server-main\\vendor\\laravel\\framework\\src\\Illuminate\\Foundation\\Http\\Middleware\\TransformsRequest.php(21): Illuminate\\Pipeline\\Pipeline->Illuminate\\Pipeline\\{closure}()
#24 D:\\Programming\\PHP\\laravel\\portfolio\\night's shop\\project-shop-laravel-server-main\\vendor\\laravel\\framework\\src\\Illuminate\\Foundation\\Http\\Middleware\\TrimStrings.php(40): Illuminate\\Foundation\\Http\\Middleware\\TransformsRequest->handle()
#25 D:\\Programming\\PHP\\laravel\\portfolio\\night's shop\\project-shop-laravel-server-main\\vendor\\laravel\\framework\\src\\Illuminate\\Pipeline\\Pipeline.php(180): Illuminate\\Foundation\\Http\\Middleware\\TrimStrings->handle()
#26 D:\\Programming\\PHP\\laravel\\portfolio\\night's shop\\project-shop-laravel-server-main\\vendor\\laravel\\framework\\src\\Illuminate\\Foundation\\Http\\Middleware\\ValidatePostSize.php(27): Illuminate\\Pipeline\\Pipeline->Illuminate\\Pipeline\\{closure}()
#27 D:\\Programming\\PHP\\laravel\\portfolio\\night's shop\\project-shop-laravel-server-main\\vendor\\laravel\\framework\\src\\Illuminate\\Pipeline\\Pipeline.php(180): Illuminate\\Foundation\\Http\\Middleware\\ValidatePostSize->handle()
#28 D:\\Programming\\PHP\\laravel\\portfolio\\night's shop\\project-shop-laravel-server-main\\vendor\\laravel\\framework\\src\\Illuminate\\Foundation\\Http\\Middleware\\PreventRequestsDuringMaintenance.php(86): Illuminate\\Pipeline\\Pipeline->Illuminate\\Pipeline\\{closure}()
#29 D:\\Programming\\PHP\\laravel\\portfolio\\night's shop\\project-shop-laravel-server-main\\vendor\\laravel\\framework\\src\\Illuminate\\Pipeline\\Pipeline.php(180): Illuminate\\Foundation\\Http\\Middleware\\PreventRequestsDuringMaintenance->handle()
#30 D:\\Programming\\PHP\\laravel\\portfolio\\night's shop\\project-shop-laravel-server-main\\vendor\\laravel\\framework\\src\\Illuminate\\Http\\Middleware\\HandleCors.php(62): Illuminate\\Pipeline\\Pipeline->Illuminate\\Pipeline\\{closure}()
#31 D:\\Programming\\PHP\\laravel\\portfolio\\night's shop\\project-shop-laravel-server-main\\vendor\\laravel\\framework\\src\\Illuminate\\Pipeline\\Pipeline.php(180): Illuminate\\Http\\Middleware\\HandleCors->handle()
#32 D:\\Programming\\PHP\\laravel\\portfolio\\night's shop\\project-shop-laravel-server-main\\vendor\\laravel\\framework\\src\\Illuminate\\Http\\Middleware\\TrustProxies.php(39): Illuminate\\Pipeline\\Pipeline->Illuminate\\Pipeline\\{closure}()
#33 D:\\Programming\\PHP\\laravel\\portfolio\\night's shop\\project-shop-laravel-server-main\\vendor\\laravel\\framework\\src\\Illuminate\\Pipeline\\Pipeline.php(180): Illuminate\\Http\\Middleware\\TrustProxies->handle()
#34 D:\\Programming\\PHP\\laravel\\portfolio\\night's shop\\project-shop-laravel-server-main\\vendor\\laravel\\framework\\src\\Illuminate\\Pipeline\\Pipeline.php(116): Illuminate\\Pipeline\\Pipeline->Illuminate\\Pipeline\\{closure}()
#35 D:\\Programming\\PHP\\laravel\\portfolio\\night's shop\\project-shop-laravel-server-main\\vendor\\laravel\\framework\\src\\Illuminate\\Foundation\\Http\\Kernel.php(175): Illuminate\\Pipeline\\Pipeline->then()
#36 D:\\Programming\\PHP\\laravel\\portfolio\\night's shop\\project-shop-laravel-server-main\\vendor\\laravel\\framework\\src\\Illuminate\\Foundation\\Http\\Kernel.php(144): Illuminate\\Foundation\\Http\\Kernel->sendRequestThroughRouter()
#37 D:\\Programming\\PHP\\laravel\\portfolio\\night's shop\\project-shop-laravel-server-main\\public\\index.php(52): Illuminate\\Foundation\\Http\\Kernel->handle()
#38 D:\\Programming\\PHP\\laravel\\portfolio\\night's shop\\project-shop-laravel-server-main\\vendor\\laravel\\framework\\src\\Illuminate\\Foundation\\resources\\server.php(16): require_once('...')
#39 {main}
"} 
[2023-04-07 20:14:39] local.ERROR: file_put_contents(D:\Programming\PHP\laravel\portfolio\night's shop\project-shop-laravel-server-main\bootstrap/public\framework/sessions/I7ZzEwwJszR8Ke8xEK5CL7iCCm35UCWUYg2RWHHf): Failed to open stream: No such file or directory {"exception":"[object] (ErrorException(code: 0): file_put_contents(D:\\Programming\\PHP\\laravel\\portfolio\\night's shop\\project-shop-laravel-server-main\\bootstrap/public\\framework/sessions/I7ZzEwwJszR8Ke8xEK5CL7iCCm35UCWUYg2RWHHf): Failed to open stream: No such file or directory at D:\\Programming\\PHP\\laravel\\portfolio\\night's shop\\project-shop-laravel-server-main\\vendor\\laravel\\framework\\src\\Illuminate\\Filesystem\\Filesystem.php:205)
[stacktrace]
#0 D:\\Programming\\PHP\\laravel\\portfolio\\night's shop\\project-shop-laravel-server-main\\vendor\\laravel\\framework\\src\\Illuminate\\Foundation\\Bootstrap\\HandleExceptions.php(250): Illuminate\\Foundation\\Bootstrap\\HandleExceptions->handleError()
#1 [internal function]: Illuminate\\Foundation\\Bootstrap\\HandleExceptions->Illuminate\\Foundation\\Bootstrap\\{closure}()
#2 D:\\Programming\\PHP\\laravel\\portfolio\\night's shop\\project-shop-laravel-server-main\\vendor\\laravel\\framework\\src\\Illuminate\\Filesystem\\Filesystem.php(205): file_put_contents()
#3 D:\\Programming\\PHP\\laravel\\portfolio\\night's shop\\project-shop-laravel-server-main\\vendor\\laravel\\framework\\src\\Illuminate\\Session\\FileSessionHandler.php(90): Illuminate\\Filesystem\\Filesystem->put()
#4 D:\\Programming\\PHP\\laravel\\portfolio\\night's shop\\project-shop-laravel-server-main\\vendor\\laravel\\framework\\src\\Illuminate\\Session\\Store.php(173): Illuminate\\Session\\FileSessionHandler->write()
#5 D:\\Programming\\PHP\\laravel\\portfolio\\night's shop\\project-shop-laravel-server-main\\vendor\\laravel\\framework\\src\\Illuminate\\Session\\Middleware\\StartSession.php(238): Illuminate\\Session\\Store->save()
#6 D:\\Programming\\PHP\\laravel\\portfolio\\night's shop\\project-shop-laravel-server-main\\vendor\\laravel\\framework\\src\\Illuminate\\Session\\Middleware\\StartSession.php(130): Illuminate\\Session\\Middleware\\StartSession->saveSession()
#7 D:\\Programming\\PHP\\laravel\\portfolio\\night's shop\\project-shop-laravel-server-main\\vendor\\laravel\\framework\\src\\Illuminate\\Session\\Middleware\\StartSession.php(64): Illuminate\\Session\\Middleware\\StartSession->handleStatefulRequest()
#8 D:\\Programming\\PHP\\laravel\\portfolio\\night's shop\\project-shop-laravel-server-main\\vendor\\laravel\\framework\\src\\Illuminate\\Pipeline\\Pipeline.php(180): Illuminate\\Session\\Middleware\\StartSession->handle()
#9 D:\\Programming\\PHP\\laravel\\portfolio\\night's shop\\project-shop-laravel-server-main\\vendor\\laravel\\framework\\src\\Illuminate\\Cookie\\Middleware\\AddQueuedCookiesToResponse.php(37): Illuminate\\Pipeline\\Pipeline->Illuminate\\Pipeline\\{closure}()
#10 D:\\Programming\\PHP\\laravel\\portfolio\\night's shop\\project-shop-laravel-server-main\\vendor\\laravel\\framework\\src\\Illuminate\\Pipeline\\Pipeline.php(180): Illuminate\\Cookie\\Middleware\\AddQueuedCookiesToResponse->handle()
#11 D:\\Programming\\PHP\\laravel\\portfolio\\night's shop\\project-shop-laravel-server-main\\vendor\\laravel\\framework\\src\\Illuminate\\Cookie\\Middleware\\EncryptCookies.php(67): Illuminate\\Pipeline\\Pipeline->Illuminate\\Pipeline\\{closure}()
#12 D:\\Programming\\PHP\\laravel\\portfolio\\night's shop\\project-shop-laravel-server-main\\vendor\\laravel\\framework\\src\\Illuminate\\Pipeline\\Pipeline.php(180): Illuminate\\Cookie\\Middleware\\EncryptCookies->handle()
#13 D:\\Programming\\PHP\\laravel\\portfolio\\night's shop\\project-shop-laravel-server-main\\vendor\\laravel\\framework\\src\\Illuminate\\Pipeline\\Pipeline.php(116): Illuminate\\Pipeline\\Pipeline->Illuminate\\Pipeline\\{closure}()
#14 D:\\Programming\\PHP\\laravel\\portfolio\\night's shop\\project-shop-laravel-server-main\\vendor\\laravel\\framework\\src\\Illuminate\\Routing\\Router.php(799): Illuminate\\Pipeline\\Pipeline->then()
#15 D:\\Programming\\PHP\\laravel\\portfolio\\night's shop\\project-shop-laravel-server-main\\vendor\\laravel\\framework\\src\\Illuminate\\Routing\\Router.php(776): Illuminate\\Routing\\Router->runRouteWithinStack()
#16 D:\\Programming\\PHP\\laravel\\portfolio\\night's shop\\project-shop-laravel-server-main\\vendor\\laravel\\framework\\src\\Illuminate\\Routing\\Router.php(740): Illuminate\\Routing\\Router->runRoute()
#17 D:\\Programming\\PHP\\laravel\\portfolio\\night's shop\\project-shop-laravel-server-main\\vendor\\laravel\\framework\\src\\Illuminate\\Routing\\Router.php(729): Illuminate\\Routing\\Router->dispatchToRoute()
#18 D:\\Programming\\PHP\\laravel\\portfolio\\night's shop\\project-shop-laravel-server-main\\vendor\\laravel\\framework\\src\\Illuminate\\Foundation\\Http\\Kernel.php(200): Illuminate\\Routing\\Router->dispatch()
#19 D:\\Programming\\PHP\\laravel\\portfolio\\night's shop\\project-shop-laravel-server-main\\vendor\\laravel\\framework\\src\\Illuminate\\Pipeline\\Pipeline.php(141): Illuminate\\Foundation\\Http\\Kernel->Illuminate\\Foundation\\Http\\{closure}()
#20 D:\\Programming\\PHP\\laravel\\portfolio\\night's shop\\project-shop-laravel-server-main\\vendor\\laravel\\framework\\src\\Illuminate\\Foundation\\Http\\Middleware\\TransformsRequest.php(21): Illuminate\\Pipeline\\Pipeline->Illuminate\\Pipeline\\{closure}()
#21 D:\\Programming\\PHP\\laravel\\portfolio\\night's shop\\project-shop-laravel-server-main\\vendor\\laravel\\framework\\src\\Illuminate\\Foundation\\Http\\Middleware\\ConvertEmptyStringsToNull.php(31): Illuminate\\Foundation\\Http\\Middleware\\TransformsRequest->handle()
#22 D:\\Programming\\PHP\\laravel\\portfolio\\night's shop\\project-shop-laravel-server-main\\vendor\\laravel\\framework\\src\\Illuminate\\Pipeline\\Pipeline.php(180): Illuminate\\Foundation\\Http\\Middleware\\ConvertEmptyStringsToNull->handle()
#23 D:\\Programming\\PHP\\laravel\\portfolio\\night's shop\\project-shop-laravel-server-main\\vendor\\laravel\\framework\\src\\Illuminate\\Foundation\\Http\\Middleware\\TransformsRequest.php(21): Illuminate\\Pipeline\\Pipeline->Illuminate\\Pipeline\\{closure}()
#24 D:\\Programming\\PHP\\laravel\\portfolio\\night's shop\\project-shop-laravel-server-main\\vendor\\laravel\\framework\\src\\Illuminate\\Foundation\\Http\\Middleware\\TrimStrings.php(40): Illuminate\\Foundation\\Http\\Middleware\\TransformsRequest->handle()
#25 D:\\Programming\\PHP\\laravel\\portfolio\\night's shop\\project-shop-laravel-server-main\\vendor\\laravel\\framework\\src\\Illuminate\\Pipeline\\Pipeline.php(180): Illuminate\\Foundation\\Http\\Middleware\\TrimStrings->handle()
#26 D:\\Programming\\PHP\\laravel\\portfolio\\night's shop\\project-shop-laravel-server-main\\vendor\\laravel\\framework\\src\\Illuminate\\Foundation\\Http\\Middleware\\ValidatePostSize.php(27): Illuminate\\Pipeline\\Pipeline->Illuminate\\Pipeline\\{closure}()
#27 D:\\Programming\\PHP\\laravel\\portfolio\\night's shop\\project-shop-laravel-server-main\\vendor\\laravel\\framework\\src\\Illuminate\\Pipeline\\Pipeline.php(180): Illuminate\\Foundation\\Http\\Middleware\\ValidatePostSize->handle()
#28 D:\\Programming\\PHP\\laravel\\portfolio\\night's shop\\project-shop-laravel-server-main\\vendor\\laravel\\framework\\src\\Illuminate\\Foundation\\Http\\Middleware\\PreventRequestsDuringMaintenance.php(86): Illuminate\\Pipeline\\Pipeline->Illuminate\\Pipeline\\{closure}()
#29 D:\\Programming\\PHP\\laravel\\portfolio\\night's shop\\project-shop-laravel-server-main\\vendor\\laravel\\framework\\src\\Illuminate\\Pipeline\\Pipeline.php(180): Illuminate\\Foundation\\Http\\Middleware\\PreventRequestsDuringMaintenance->handle()
#30 D:\\Programming\\PHP\\laravel\\portfolio\\night's shop\\project-shop-laravel-server-main\\vendor\\laravel\\framework\\src\\Illuminate\\Http\\Middleware\\HandleCors.php(62): Illuminate\\Pipeline\\Pipeline->Illuminate\\Pipeline\\{closure}()
#31 D:\\Programming\\PHP\\laravel\\portfolio\\night's shop\\project-shop-laravel-server-main\\vendor\\laravel\\framework\\src\\Illuminate\\Pipeline\\Pipeline.php(180): Illuminate\\Http\\Middleware\\HandleCors->handle()
#32 D:\\Programming\\PHP\\laravel\\portfolio\\night's shop\\project-shop-laravel-server-main\\vendor\\laravel\\framework\\src\\Illuminate\\Http\\Middleware\\TrustProxies.php(39): Illuminate\\Pipeline\\Pipeline->Illuminate\\Pipeline\\{closure}()
#33 D:\\Programming\\PHP\\laravel\\portfolio\\night's shop\\project-shop-laravel-server-main\\vendor\\laravel\\framework\\src\\Illuminate\\Pipeline\\Pipeline.php(180): Illuminate\\Http\\Middleware\\TrustProxies->handle()
#34 D:\\Programming\\PHP\\laravel\\portfolio\\night's shop\\project-shop-laravel-server-main\\vendor\\laravel\\framework\\src\\Illuminate\\Pipeline\\Pipeline.php(116): Illuminate\\Pipeline\\Pipeline->Illuminate\\Pipeline\\{closure}()
#35 D:\\Programming\\PHP\\laravel\\portfolio\\night's shop\\project-shop-laravel-server-main\\vendor\\laravel\\framework\\src\\Illuminate\\Foundation\\Http\\Kernel.php(175): Illuminate\\Pipeline\\Pipeline->then()
#36 D:\\Programming\\PHP\\laravel\\portfolio\\night's shop\\project-shop-laravel-server-main\\vendor\\laravel\\framework\\src\\Illuminate\\Foundation\\Http\\Kernel.php(144): Illuminate\\Foundation\\Http\\Kernel->sendRequestThroughRouter()
#37 D:\\Programming\\PHP\\laravel\\portfolio\\night's shop\\project-shop-laravel-server-main\\public\\index.php(52): Illuminate\\Foundation\\Http\\Kernel->handle()
#38 D:\\Programming\\PHP\\laravel\\portfolio\\night's shop\\project-shop-laravel-server-main\\vendor\\laravel\\framework\\src\\Illuminate\\Foundation\\resources\\server.php(16): require_once('...')
#39 {main}
"} 
